ID=1001;
Key=log;
Value=Job Added ID: [0] Job Name: [Process Wait...] Status: [0] Job Info: [waiting for 1000ms] AlowToBeKilled: [True];
Relation=10/31/2023 12:37:20 PM;
ID=1003;
Key=log;
Value=Job Added ID: [0] Job Name: [Process Wait...] Status: [0] Job Info: [waiting for 5000ms] AlowToBeKilled: [True];
Relation=10/31/2023 12:37:51 PM;
ID=1005;
Key=log;
Value=KILL-ALL-REQUEST ID: [0] Job Name: [Process Wait...] Status: [0] Job Info: [waiting for 5000ms] AlowToBeKilled: [True];
Relation=10/31/2023 12:38:19 PM;
ID=1007;
Key=log;
Value=Job Added ID: [0] Job Name: [Process Wait...] Status: [0] Job Info: [waiting for 1000ms] AlowToBeKilled: [True];
Relation=11/16/2023 6:52:51 PM;
ID=1009;
Key=log;
Value=Job ID: [0] Job Name: [Process Wait...] Status: [0] Job Info: [waiting for 1000ms] AlowToBeKilled: [True] Completed;
Relation=11/16/2023 6:52:58 PM;
ID=1011;
Key=log;
Value=Job Added ID: [0] Job Name: [Process Wait...] Status: [0] Job Info: [waiting for 1000ms] AlowToBeKilled: [True];
Relation=11/16/2023 6:53:12 PM;
ID=1013;
Key=log;
Value=KILL-ALL-REQUEST ID: [0] Job Name: [Process Wait...] Status: [0] Job Info: [waiting for 1000ms] AlowToBeKilled: [True];
Relation=11/16/2023 6:53:15 PM;
ID=1015;
Key=log;
Value=Job Added ID: [0] Job Name: [Process Wait...] Status: [0] Job Info: [waiting for 3000ms] AlowToBeKilled: [True];
Relation=11/16/2023 6:53:24 PM;
ID=1017;
Key=log;
Value=Job Added ID: [1] Job Name: [Process Wait...] Status: [0] Job Info: [waiting for 5000ms] AlowToBeKilled: [True];
Relation=11/16/2023 6:53:31 PM;
ID=1019;
Key=log;
Value=Job Killed ID:[2] Name: [Process Wait...] Info: [waiting for 3000ms];
Relation=11/16/2023 6:53:34 PM;
ID=1021;
Key=log;
Value=Job Killed ID:[2] Name: [Process Wait...] Info: [waiting for 5000ms];
Relation=11/16/2023 6:53:39 PM;
