ID=1001;
Key=log;
Value=####
 There Was an error with the given type of error: 'NotValidAction' 's ' 
####;
Relation=10/31/2023 1:31:11 PM;
ID=1003;
Key=log;
Value=####
 There Was an error with the given type of error: 'NotValidAction' 'ali ' 
####;
Relation=10/31/2023 1:54:05 PM;
ID=1005;
Key=log;
Value=####
 There Was an error with the given type of error: 'NotValidAction' 'login mel ' 
####;
Relation=10/31/2023 2:02:19 PM;
ID=1007;
Key=log;
Value=####
 There Was an error with the given type of error: 'NotValidAction' 'reset-pathy ' 
####;
Relation=10/31/2023 2:09:53 PM;
ID=1009;
Key=log;
Value=####
 There Was an error with the given type of error: 'ExecutionError' 'Code Executed: <( ls ~/  )> 
 Exception: 
System.IO.DirectoryNotFoundException: Could not find a part of the path 'C:\Users\Melquiceded\Documents\csharp\ClownShell\bin\Release\~'.
   at System.IO.__Error.WinIOError(Int32 errorCode, String maybeFullPath)
   at System.IO.FileSystemEnumerableIterator`1.CommonInit()
   at System.IO.FileSystemEnumerableIterator`1..ctor(String path, String originalUserPath, String searchPattern, SearchOption searchOption, SearchResultHandler`1 resultHandler, Boolean checkHost)
   at System.IO.Directory.GetFiles(String path)
   at QuickTools.QCore.Get.Ls(String path)
   at ClownShell.ScripRunner.ScriptRunner.Run(Action code) in C:\Users\Melquiceded\Documents\csharp\ClownShell\ScriptRunner\ScriptRunner.cs:line 148' 
####;
Relation=10/31/2023 2:19:02 PM;
ID=1011;
Key=log;
Value=####
 There Was an error with the given type of error: 'ExecutionError' 'Code Executed: <( ls  )> 
 Exception: 
System.IO.DirectoryNotFoundException: Could not find a part of the path 'C:\Users\Melquiceded\Documents\Music'.
   at System.IO.__Error.WinIOError(Int32 errorCode, String maybeFullPath)
   at System.IO.FileSystemEnumerableIterator`1.CommonInit()
   at System.IO.FileSystemEnumerableIterator`1..ctor(String path, String originalUserPath, String searchPattern, SearchOption searchOption, SearchResultHandler`1 resultHandler, Boolean checkHost)
   at System.IO.Directory.GetFiles(String path)
   at QuickTools.QCore.Get.Ls(String path)
   at ClownShell.ScripRunner.ScriptRunner.Run(Action code) in C:\Users\Melquiceded\Documents\csharp\ClownShell\ScriptRunner\ScriptRunner.cs:line 148' 
####;
Relation=10/31/2023 2:19:20 PM;
ID=1013;
Key=log;
Value=####
 There Was an error with the given type of error: 'ExecutionError' 'Code Executed: <( ls  )> 
 Exception: 
System.IO.DirectoryNotFoundException: Could not find a part of the path 'C:\Users\Melquiceded\Users'.
   at System.IO.__Error.WinIOError(Int32 errorCode, String maybeFullPath)
   at System.IO.FileSystemEnumerableIterator`1.CommonInit()
   at System.IO.FileSystemEnumerableIterator`1..ctor(String path, String originalUserPath, String searchPattern, SearchOption searchOption, SearchResultHandler`1 resultHandler, Boolean checkHost)
   at System.IO.Directory.GetFiles(String path)
   at QuickTools.QCore.Get.Ls(String path)
   at ClownShell.ScripRunner.ScriptRunner.Run(Action code) in C:\Users\Melquiceded\Documents\csharp\ClownShell\ScriptRunner\ScriptRunner.cs:line 148' 
####;
Relation=10/31/2023 2:23:17 PM;
ID=1015;
Key=log;
Value=####
 There Was an error with the given type of error: 'ExecutionError' 'Code Executed: <( ls  )> 
 Exception: 
System.IO.DirectoryNotFoundException: Could not find a part of the path 'C:\Users\Melquiceded\Users'.
   at System.IO.__Error.WinIOError(Int32 errorCode, String maybeFullPath)
   at System.IO.FileSystemEnumerableIterator`1.CommonInit()
   at System.IO.FileSystemEnumerableIterator`1..ctor(String path, String originalUserPath, String searchPattern, SearchOption searchOption, SearchResultHandler`1 resultHandler, Boolean checkHost)
   at System.IO.Directory.GetFiles(String path)
   at QuickTools.QCore.Get.Ls(String path)
   at ClownShell.ScripRunner.ScriptRunner.Run(Action code) in C:\Users\Melquiceded\Documents\csharp\ClownShell\ScriptRunner\ScriptRunner.cs:line 148' 
####;
Relation=10/31/2023 2:23:47 PM;
ID=1017;
Key=log;
Value=####
 There Was an error with the given type of error: 'ExecutionError' 'Code Executed: <( ls  )> 
 Exception: 
System.IO.DirectoryNotFoundException: Could not find a part of the path 'C:\Users\Melquiceded\Desktop\~\Desktop'.
   at System.IO.__Error.WinIOError(Int32 errorCode, String maybeFullPath)
   at System.IO.FileSystemEnumerableIterator`1.CommonInit()
   at System.IO.FileSystemEnumerableIterator`1..ctor(String path, String originalUserPath, String searchPattern, SearchOption searchOption, SearchResultHandler`1 resultHandler, Boolean checkHost)
   at System.IO.Directory.GetFiles(String path)
   at QuickTools.QCore.Get.Ls(String path)
   at ClownShell.ScripRunner.ScriptRunner.Run(Action code) in C:\Users\Melquiceded\Documents\csharp\ClownShell\ScriptRunner\ScriptRunner.cs:line 148' 
####;
Relation=10/31/2023 2:24:13 PM;
ID=1019;
Key=log;
Value=####
 There Was an error with the given type of error: 'ExecutionError' 'Code Executed: <( ls -l  )> 
 Exception: 
System.IO.DirectoryNotFoundException: Could not find a part of the path '/home/mel/Documents/csharp/ClownShell/bin/Release/-l'.
  at System.IO.Enumeration.FileSystemEnumerator`1[TResult].CreateDirectoryHandle (System.String path, System.Boolean ignoreNotFound) [0x00032] in <d636f104d58046fd9b195699bcb1a744>:0 
  at System.IO.Enumeration.FileSystemEnumerator`1[TResult]..ctor (System.String directory, System.IO.EnumerationOptions options) [0x00048] in <d636f104d58046fd9b195699bcb1a744>:0 
  at System.IO.Enumeration.FileSystemEnumerable`1+DelegateEnumerator[TResult]..ctor (System.IO.Enumeration.FileSystemEnumerable`1[TResult] enumerable) [0x00000] in <d636f104d58046fd9b195699bcb1a744>:0 
  at System.IO.Enumeration.FileSystemEnumerable`1[TResult]..ctor (System.String directory, System.IO.Enumeration.FileSystemEnumerable`1+FindTransform[TResult] transform, System.IO.EnumerationOptions options) [0x00042] in <d636f104d58046fd9b195699bcb1a744>:0 
  at System.IO.Enumeration.FileSystemEnumerableFactory.UserFiles (System.String directory, System.String expression, System.IO.EnumerationOptions options) [0x00014] in <d636f104d58046fd9b195699bcb1a744>:0 
  at System.IO.Directory.InternalEnumeratePaths (System.String path, System.String searchPattern, System.IO.SearchTarget searchTarget, System.IO.EnumerationOptions options) [0x0003c] in <d636f104d58046fd9b195699bcb1a744>:0 
  at System.IO.Directory.GetFiles (System.String path, System.String searchPattern, System.IO.EnumerationOptions enumerationOptions) [0x00000] in <d636f104d58046fd9b195699bcb1a744>:0 
  at System.IO.Directory.GetFiles (System.String path) [0x0000b] in <d636f104d58046fd9b195699bcb1a744>:0 
  at QuickTools.QIO.FilesMaper.GetFiles (System.String path) [0x00000] in <b43c250e43644f419a881bedb819c8b5>:0 
  at QuickTools.QCore.Get.Ls (System.String path) [0x0000f] in <b43c250e43644f419a881bedb819c8b5>:0 
  at ClownShell.Parser.CodeParser+<>c__DisplayClass32_0.<SetExecution>b__16 () [0x00068] in <818b1afabb9d4d1c877fdefba4a3d6cf>:0 
  at ClownShell.ScripRunner.ScriptRunner.Run (System.Action code) [0x00081] in <818b1afabb9d4d1c877fdefba4a3d6cf>:0 ' 
####;
Relation=11/16/2023 6:52:36 PM;
ID=1021;
Key=log;
Value=####
 There Was an error with the given type of error: 'NotValidAction' 'encrypt f f f ' 
####;
Relation=11/16/2023 6:57:36 PM;
ID=1023;
Key=log;
Value=####
 There Was an error with the given type of error: 'NotValidAction' 'trojan ' 
####;
Relation=11/16/2023 6:57:42 PM;
