ID=1001;
Key=log;
Value=Thread was being aborted.;
Relation=10/31/2023 12:38:19 PM;
ID=1003;
Key=log;
Value=Thread was being aborted.;
<<<<<<< HEAD
Relation=11/16/2023 6:53:15 PM;
ID=1005;
Key=log;
Value=Thread was being aborted.;
Relation=11/16/2023 6:53:34 PM;
ID=1007;
Key=log;
Value=Thread was being aborted.;
Relation=11/16/2023 6:53:39 PM;
=======
Relation=10/31/2023 11:39:43 PM;
ID=1005;
Key=log;
Value=Thread was being aborted.;
Relation=10/31/2023 11:39:43 PM;
ID=1007;
Key=log;
Value=Thread was being aborted.;
Relation=10/31/2023 11:39:43 PM;
>>>>>>> 18521e1025376166d4747093e30b9d8192b9cd3d
