ID=1001;
Key=log;
Value=Shell Started With no Arguments;
Relation=11/1/2023 11:25:03 PM;
ID=1003;
Key=log;
Value=Shell Started With no Arguments;
Relation=11/1/2023 11:27:35 PM;
ID=1005;
Key=log;
Value=Shell Started With no Arguments;
Relation=11/1/2023 11:32:41 PM;
ID=1007;
Key=log;
Value=Shell Started With no Arguments;
Relation=11/1/2023 11:34:46 PM;
ID=1009;
Key=log;
Value=Shell Started With no Arguments;
Relation=11/1/2023 11:40:51 PM;
ID=1011;
Key=log;
Value=Shell Exited With no Events;
Relation=11/1/2023 11:40:54 PM;
ID=1013;
Key=log;
Value=Shell Started With no Arguments;
Relation=11/1/2023 11:43:03 PM;
ID=1015;
Key=log;
Value=Shell Exited With a FATAL ERROR more info 
System.Exception: Exception of type 'System.Exception' was thrown.
   at ClownShell.Init.Program.Main(String[] args) in C:\Users\Melquiceded\Documents\csharp\ClownShell\Init\Program.cs:line 72;
Relation=11/1/2023 11:46:55 PM;
ID=1017;
Key=log;
Value=Shell Exited With a FATAL ERROR more info 
System.Exception: Exception of type 'System.Exception' was thrown.
   at ClownShell.Init.Program.Main(String[] args) in C:\Users\Melquiceded\Documents\csharp\ClownShell\Init\Program.cs:line 72;
Relation=11/1/2023 11:47:06 PM;
ID=1019;
Key=log;
Value=Shell Started With no Arguments;
Relation=11/1/2023 11:50:57 PM;
ID=1021;
Key=log;
Value=Job Added ID: [0] Job Name: [Process Wait...] Status: [0] Job Info: [waiting for 1000ms] AlowToBeKilled: [True];
Relation=11/1/2023 11:51:04 PM;
ID=1023;
Key=log;
Value=Job ID: [0] Job Name: [Process Wait...] Status: [0] Job Info: [waiting for 1000ms] AlowToBeKilled: [True] Completed;
Relation=11/1/2023 11:51:11 PM;
ID=1025;
Key=log;
Value=Shell Started With no Arguments;
Relation=11/1/2023 11:58:21 PM;
ID=1027;
Key=log;
Value=Shell Exited With no Events;
Relation=11/1/2023 11:59:11 PM;
ID=1029;
Key=log;
Value=Shell Started With no Arguments;
Relation=11/2/2023 12:06:28 AM;
ID=1031;
Key=log;
Value=Shell Started With no Arguments;
Relation=11/2/2023 12:08:02 AM;
ID=1033;
Key=log;
Value=Job Added ID: [0] Job Name: [Process Wait...] Status: [0] Job Info: [waiting for 1000ms] AlowToBeKilled: [True];
Relation=11/2/2023 12:08:22 AM;
ID=1035;
Key=log;
Value=Job Added ID: [1] Job Name: [Process Wait...] Status: [0] Job Info: [waiting for 1000ms] AlowToBeKilled: [True];
Relation=11/2/2023 12:08:22 AM;
ID=1037;
Key=log;
Value=Shell Started With no Arguments;
Relation=11/2/2023 12:10:53 AM;
ID=1039;
Key=log;
Value=Shell Started With no Arguments;
Relation=11/2/2023 11:55:06 AM;
ID=1041;
Key=log;
Value=Shell Started With no Arguments;
Relation=11/3/2023 3:14:20 AM;
ID=1043;
Key=log;
Value=Shell Started With no Arguments;
Relation=11/5/2023 9:10:08 PM;
ID=1045;
Key=log;
Value=Shell Started With no Arguments;
Relation=11/5/2023 9:10:39 PM;
ID=1047;
Key=log;
Value=Shell Started With no Arguments;
Relation=11/5/2023 9:12:05 PM;
ID=1049;
Key=log;
Value=Shell Started With no Arguments;
Relation=11/16/2023 7:06:39 PM;
ID=1051;
Key=log;
Value=Shell Exited With no Events;
Relation=11/16/2023 7:06:56 PM;
ID=1053;
Key=log;
Value=Shell Started With no Arguments;
Relation=11/16/2023 7:07:45 PM;
ID=1055;
Key=log;
Value=Shell Exited With no Events;
Relation=11/16/2023 7:09:38 PM;
