|*** Date: 5/8/2023 7:39:23 PM ***|
 |*** Matter: ####
 There Was an error with the given type of error: 'NotValidAction' 'ls ' 
#### ***|
|*** Date: 5/8/2023 7:36:02 PM ***|
 |*** Matter: ####
 There Was an error with the given type of error: 'NotValidAction' '' 
#### ***|
|*** Date: 5/8/2023 7:36:01 PM ***|
 |*** Matter: ####
 There Was an error with the given type of error: 'NotValidAction' '' 
#### ***|
|*** Date: 5/8/2023 7:36:00 PM ***|
 |*** Matter: ####
 There Was an error with the given type of error: 'NotValidAction' '' 
#### ***|
|*** Date: 5/8/2023 7:35:58 PM ***|
 |*** Matter: ####
 There Was an error with the given type of error: 'NotValidAction' '' 
#### ***|
|*** Date: 5/8/2023 3:01:48 PM ***|
 |*** Matter: ####
 There Was an error with the given type of error: 'NotValidAction' 'lear ' 
#### ***|
|*** Date: 5/8/2023 3:01:47 PM ***|
 |*** Matter: ####
 There Was an error with the given type of error: 'NotValidAction' 'd ' 
#### ***|
|*** Date: 5/8/2023 3:01:47 PM ***|
 |*** Matter: ####
 There Was an error with the given type of error: 'NotValidAction' 'd ' 
#### ***|
|*** Date: 5/8/2023 3:01:47 PM ***|
 |*** Matter: ####
 There Was an error with the given type of error: 'NotValidAction' 'd ' 
#### ***|
|*** Date: 5/8/2023 3:01:46 PM ***|
 |*** Matter: ####
 There Was an error with the given type of error: 'NotValidAction' 'd ' 
#### ***|
|*** Date: 5/8/2023 3:01:46 PM ***|
 |*** Matter: ####
 There Was an error with the given type of error: 'NotValidAction' 'd ' 
#### ***|
|*** Date: 5/8/2023 3:01:46 PM ***|
 |*** Matter: ####
 There Was an error with the given type of error: 'NotValidAction' 'f ' 
#### ***|
|*** Date: 5/8/2023 3:01:46 PM ***|
 |*** Matter: ####
 There Was an error with the given type of error: 'NotValidAction' 'ad ' 
#### ***|
|*** Date: 5/8/2023 3:01:45 PM ***|
 |*** Matter: ####
 There Was an error with the given type of error: 'NotValidAction' 'klasd ' 
#### ***|
|*** Date: 5/8/2023 3:01:41 PM ***|
 |*** Matter: ####
 There Was an error with the given type of error: 'NotValidAction' 'ls ' 
#### ***|
|*** Date: 5/8/2023 3:01:17 PM ***|
 |*** Matter: ####
 There Was an error with the given type of error: 'NotValidAction' 'ccls ' 
#### ***|
|*** Date: 5/8/2023 3:01:16 PM ***|
 |*** Matter: ####
 There Was an error with the given type of error: 'NotValidAction' 'bla ' 
#### ***|
