ID=1001;
Key=log;
Value=Job Added ID: [0] Job Name: [Process Wait...] Status: [0] Job Info: [waiting for 1000ms] AlowToBeKilled: [True];
Relation=10/31/2023 12:26:52 PM;
ID=1003;
Key=log;
Value=Job Killed ID:[1] Name: [Process Wait...] Info: [waiting for 1000ms];
Relation=10/31/2023 12:26:56 PM;
ID=1005;
Key=log;
Value=Job Added ID: [0] Job Name: [Process Wait...] Status: [0] Job Info: [waiting for 5000ms] AlowToBeKilled: [True];
Relation=10/31/2023 12:27:04 PM;
ID=1007;
Key=log;
Value=Job Added ID: [1] Job Name: [Process Wait...] Status: [0] Job Info: [waiting for 6000ms] AlowToBeKilled: [True];
Relation=10/31/2023 12:27:09 PM;
ID=1009;
Key=log;
Value=Job Added ID: [2] Job Name: [Process Wait...] Status: [0] Job Info: [waiting for 5000ms] AlowToBeKilled: [True];
Relation=10/31/2023 12:27:13 PM;
ID=1011;
Key=log;
Value=KILL-ALL-REQUEST ID: [0] Job Name: [Process Wait...] Status: [0] Job Info: [waiting for 5000ms] AlowToBeKilled: [True];
Relation=10/31/2023 12:27:15 PM;
ID=1013;
Key=log;
Value=KILL-ALL-REQUEST ID: [1] Job Name: [Process Wait...] Status: [0] Job Info: [waiting for 6000ms] AlowToBeKilled: [True];
Relation=10/31/2023 12:27:15 PM;
ID=1015;
Key=log;
Value=KILL-ALL-REQUEST ID: [2] Job Name: [Process Wait...] Status: [0] Job Info: [waiting for 5000ms] AlowToBeKilled: [True];
Relation=10/31/2023 12:27:15 PM;
ID=1017;
Key=log;
Value=Job Added ID: [0] Job Name: [Process Wait...] Status: [0] Job Info: [waiting for 40000ms] AlowToBeKilled: [True];
Relation=10/31/2023 12:31:04 PM;
ID=1019;
Key=log;
Value=Job Added ID: [1] Job Name: [Process Wait...] Status: [0] Job Info: [waiting for 30000ms] AlowToBeKilled: [True];
Relation=10/31/2023 12:31:12 PM;
ID=1021;
Key=log;
Value=Job Suspended ID: [0] Job Name: [Process Wait...] Status: [0] Job Info: [waiting for 40000ms] AlowToBeKilled: [True];
Relation=10/31/2023 12:31:22 PM;
ID=1023;
Key=log;
Value=Job Suspended ID: [1] Job Name: [Process Wait...] Status: [0] Job Info: [waiting for 30000ms] AlowToBeKilled: [True];
Relation=10/31/2023 12:31:25 PM;
ID=1025;
Key=log;
Value=Job Suspended ID: [0] Job Name: [Process Wait...] Status: [0] Job Info: [waiting for 40000ms] AlowToBeKilled: [True];
Relation=10/31/2023 12:31:55 PM;
ID=1027;
Key=log;
Value=Job Suspended ID: [1] Job Name: [Process Wait...] Status: [0] Job Info: [waiting for 30000ms] AlowToBeKilled: [True];
Relation=10/31/2023 12:31:58 PM;
ID=1029;
Key=log;
Value=KILL-ALL-REQUEST ID: [0] Job Name: [Process Wait...] Status: [0] Job Info: [waiting for 40000ms] AlowToBeKilled: [True];
Relation=10/31/2023 12:32:02 PM;
ID=1031;
Key=log;
Value=KILL-ALL-REQUEST ID: [1] Job Name: [Process Wait...] Status: [0] Job Info: [waiting for 30000ms] AlowToBeKilled: [True];
Relation=10/31/2023 12:32:02 PM;
